<html xmlns:math="http://exslt.org/math" xmlns:testng="http://testng.org">
   <head>
      <title>TestNG Results</title>
      <meta http-equiv="content-type" content="text/html; charset=utf-8"></meta>
      <meta http-equiv="pragma" content="no-cache"></meta>
      <meta http-equiv="cache-control" content="max-age=0"></meta>
      <meta http-equiv="cache-control" content="no-cache"></meta>
      <meta http-equiv="cache-control" content="no-store"></meta>
      <LINK rel="stylesheet" href="style.css"></LINK>
      <script type="text/javascript" src="main.js"></script>
   </head>
   <body>
      <table width="100%" style="font-size: 16px; margin-bottom: 10px;" cellspacing="1">
         <tr>
            <td width="100%">
               All methods in suite
               
               <b>Learning TestNG</b>
            </td>
            <td style="background-color: #FFBBBB; padding: 3px 3px 3px 0;" align="center">
               <div style="width: 50px;">2</div>
            </td>
            <td style="background-color: lightgreen; padding: 3px 3px 3px 0;" align="center">
               <div style="width: 50px;">5</div>
            </td>
            <td style="background-color: #FFFFBB; padding: 3px 3px 3px 0;" align="center">
               <div style="width: 50px;">0</div>
            </td>
            <td align="center" style="background-color: #eaf0f7; padding: 3px 3px 3px 0;">
               <div style="width: 50px;">7</div>
            </td>
            <td align="center"
                style="font-weight: bold; background-color: #eaf0f7; padding: 3px 3px 3px 0;">
               <div style="width: 50px;">71%</div>
            </td>
            <td style="background-color: #eaf0f7; padding: 3px 3px 3px 0;" align="center"
                nowrap="true">216 ms
               
            </td>
         </tr>
      </table>
      <div style="width: 200px;">
         <label for="groupMethodsCheckBox" style="font-weight: bold; margin: 0;">
            <input id="groupMethodsCheckBox" type="checkbox" onclick="switchTestMethodsView(this)"></input>
            Group by class
            
         </label>
         <br></br>
         <label for="methodsFilter_ALL" style="font-weight: bold; margin: 0;">
            <input id="methodsFilter_ALL" type="checkbox"
                   onclick="testMethodsFilterChanged(this, 'ALL')"></input>
            All
            
         </label>
      </div>
      <label for="methodsFilter_FAIL" style="margin-left: 20px;">
         <input id="methodsFilter_FAIL" type="checkbox"
                onclick="testMethodsFilterChanged(this, 'FAIL')"
                checked=""></input>
         Failed
         
      </label>
      <label for="methodsFilter_PASS">
         <input id="methodsFilter_PASS" type="checkbox"
                onclick="testMethodsFilterChanged(this, 'PASS')"
                checked=""></input>
         Passed
         
      </label>
      <label for="methodsFilter_SKIP">
         <input id="methodsFilter_SKIP" type="checkbox"
                onclick="testMethodsFilterChanged(this, 'SKIP')"
                checked=""></input>
         Skipped
         
      </label>
      <label for="methodsFilter_CONF">
         <input id="methodsFilter_CONF" type="checkbox"
                onclick="testMethodsFilterChanged(this, 'CONF')"></input>
         Config
         
      </label>
      <br></br>
      <div id="testMethodsByStatus">
         <table class="testMethodsTable" cellpadding="0" cellspacing="0">
            <tr class="methodsTableHeader">
               <td width="100%">Name</td>
               <td nowrap="true">Started</td>
               <td nowrap="true">Duration</td>
               <td>Exception</td>
            </tr>
            <tr id="testcases.ApplicationTest_doLogin_byStatus_failed_FAIL1_row"
                class="testMethodStatusFAIL">
               <td width="100%" class="firstMethodCell">
                  <a onclick="toggleDetailsVisibility('testcases.ApplicationTest_doLogin_byStatus_failed_FAIL1_details')">doLogin()</a>
               </td>
               <td nowrap="true">23:30:21</td>
               <td nowrap="true" align="right">24 ms
                  
               </td>
               <td nowrap="true">
                  <a onclick="toggleDetailsVisibility('testcases.ApplicationTest_doLogin_byStatus_failed_FAIL1_exception')">java.lang.AssertionError: 
                     The following asserts failed:
                     	Warning user
                     
                  </a>
                   
                  
               </td>
            </tr>
            <tr>
               <td colspan="4" class="detailsBox">
                  <div id="testcases.ApplicationTest_doLogin_byStatus_failed_FAIL1_details"
                       class="testMethodDetails">
                     <div>
                        <b>Name: </b>doLogin
                     </div>
                     <div>
                        <b>Signature: </b>doLogin()[pri:1, instance:testcases.ApplicationTest@168debd]
                     </div>
                     <div>
                        <b>Start time: </b>23:30:21
                     </div>
                     <div>
                        <b>End time: </b>23:30:21
                     </div>
                     <div>
                        <b>Duration: </b>24 ms
                        
                     </div>
                  </div>
               </td>
            </tr>
            <tr>
               <td colspan="4" class="detailsBox">
                  <div id="testcases.ApplicationTest_doLogin_byStatus_failed_FAIL1_exception"
                       class="testMethodDetails">
                     <pre style="padding: 5px; margin: 0;">java.lang.AssertionError: The following asserts failed:
                        	Warning user
                        	at org.testng.asserts.SoftAssert.assertAll(SoftAssert.java:43)
                        	at testcases.ApplicationTest.doLogin(ApplicationTest.java:39)
                        	at sun.reflect.NativeMethodAccessorImpl.invoke0(Native Method)
                        	at sun.reflect.NativeMethodAccessorImpl.invoke(Unknown Source)
                        	at sun.reflect.DelegatingMethodAccessorImpl.invoke(Unknown Source)
                        	at java.lang.reflect.Method.invoke(Unknown Source)
                        	at org.testng.internal.MethodInvocationHelper.invokeMethod(MethodInvocationHelper.java:108)
                        	at org.testng.internal.Invoker.invokeMethod(Invoker.java:661)
                        	at org.testng.internal.Invoker.invokeTestMethod(Invoker.java:869)
                        	at org.testng.internal.Invoker.invokeTestMethods(Invoker.java:1193)
                        	at org.testng.internal.TestMethodWorker.invokeTestMethods(TestMethodWorker.java:126)
                        	at org.testng.internal.TestMethodWorker.run(TestMethodWorker.java:109)
                        	at org.testng.TestRunner.privateRun(TestRunner.java:744)
                        	at org.testng.TestRunner.run(TestRunner.java:602)
                        	at org.testng.SuiteRunner.runTest(SuiteRunner.java:380)
                        	at org.testng.SuiteRunner.runSequentially(SuiteRunner.java:375)
                        	at org.testng.SuiteRunner.privateRun(SuiteRunner.java:340)
                        	at org.testng.SuiteRunner.run(SuiteRunner.java:289)
                        	at org.testng.SuiteRunnerWorker.runSuite(SuiteRunnerWorker.java:52)
                        	at org.testng.SuiteRunnerWorker.run(SuiteRunnerWorker.java:86)
                        	at org.testng.TestNG.runSuitesSequentially(TestNG.java:1301)
                        	at org.testng.TestNG.runSuitesLocally(TestNG.java:1226)
                        	at org.testng.TestNG.runSuites(TestNG.java:1144)
                        	at org.testng.TestNG.run(TestNG.java:1115)
                        	at org.testng.TestNG.privateMain(TestNG.java:1442)
                        	at org.testng.TestNG.main(TestNG.java:1411)
                     </pre>
                  </div>
               </td>
            </tr>
            <tr id="testcases.RegisterTest_doRegisterTest_byStatus_failed_FAIL2_row"
                class="testMethodStatusFAIL">
               <td width="100%" class="firstMethodCell">
                  <a onclick="toggleDetailsVisibility('testcases.RegisterTest_doRegisterTest_byStatus_failed_FAIL2_details')">doRegisterTest()</a>
               </td>
               <td nowrap="true">23:30:21</td>
               <td nowrap="true" align="right">3 ms
                  
               </td>
               <td nowrap="true">
                  <a onclick="toggleDetailsVisibility('testcases.RegisterTest_doRegisterTest_byStatus_failed_FAIL2_exception')">java.lang.AssertionError: 
                     The following asserts failed:
                     	expected [EFG] but found [ABCD],
                     	expected [200] but found [12]
                     
                  </a>
                   
                  
               </td>
            </tr>
            <tr>
               <td colspan="4" class="detailsBox">
                  <div id="testcases.RegisterTest_doRegisterTest_byStatus_failed_FAIL2_details"
                       class="testMethodDetails">
                     <div>
                        <b>Name: </b>doRegisterTest
                     </div>
                     <div>
                        <b>Signature: </b>doRegisterTest()[pri:0, instance:testcases.RegisterTest@1b7dea0]
                     </div>
                     <div>
                        <b>Start time: </b>23:30:21
                     </div>
                     <div>
                        <b>End time: </b>23:30:21
                     </div>
                     <div>
                        <b>Duration: </b>3 ms
                        
                     </div>
                  </div>
               </td>
            </tr>
            <tr>
               <td colspan="4" class="detailsBox">
                  <div id="testcases.RegisterTest_doRegisterTest_byStatus_failed_FAIL2_exception"
                       class="testMethodDetails">
                     <pre style="padding: 5px; margin: 0;">java.lang.AssertionError: The following asserts failed:
                        	expected [EFG] but found [ABCD],
                        	expected [200] but found [12]
                        	at org.testng.asserts.SoftAssert.assertAll(SoftAssert.java:43)
                        	at testcases.RegisterTest.doRegisterTest(RegisterTest.java:24)
                        	at sun.reflect.NativeMethodAccessorImpl.invoke0(Native Method)
                        	at sun.reflect.NativeMethodAccessorImpl.invoke(Unknown Source)
                        	at sun.reflect.DelegatingMethodAccessorImpl.invoke(Unknown Source)
                        	at java.lang.reflect.Method.invoke(Unknown Source)
                        	at org.testng.internal.MethodInvocationHelper.invokeMethod(MethodInvocationHelper.java:108)
                        	at org.testng.internal.Invoker.invokeMethod(Invoker.java:661)
                        	at org.testng.internal.Invoker.invokeTestMethod(Invoker.java:869)
                        	at org.testng.internal.Invoker.invokeTestMethods(Invoker.java:1193)
                        	at org.testng.internal.TestMethodWorker.invokeTestMethods(TestMethodWorker.java:126)
                        	at org.testng.internal.TestMethodWorker.run(TestMethodWorker.java:109)
                        	at org.testng.TestRunner.privateRun(TestRunner.java:744)
                        	at org.testng.TestRunner.run(TestRunner.java:602)
                        	at org.testng.SuiteRunner.runTest(SuiteRunner.java:380)
                        	at org.testng.SuiteRunner.runSequentially(SuiteRunner.java:375)
                        	at org.testng.SuiteRunner.privateRun(SuiteRunner.java:340)
                        	at org.testng.SuiteRunner.run(SuiteRunner.java:289)
                        	at org.testng.SuiteRunnerWorker.runSuite(SuiteRunnerWorker.java:52)
                        	at org.testng.SuiteRunnerWorker.run(SuiteRunnerWorker.java:86)
                        	at org.testng.TestNG.runSuitesSequentially(TestNG.java:1301)
                        	at org.testng.TestNG.runSuitesLocally(TestNG.java:1226)
                        	at org.testng.TestNG.runSuites(TestNG.java:1144)
                        	at org.testng.TestNG.run(TestNG.java:1115)
                        	at org.testng.TestNG.privateMain(TestNG.java:1442)
                        	at org.testng.TestNG.main(TestNG.java:1411)
                     </pre>
                  </div>
               </td>
            </tr>
            <tr id="testcases.ApplicationTest_startTest_byStatus_passed_PASS1_row"
                class="testMethodStatusPASS testMethodStatusCONF">
               <td width="100%" class="firstMethodCell">
                  <a onclick="toggleDetailsVisibility('testcases.ApplicationTest_startTest_byStatus_passed_PASS1_details')">startTest()</a>
               </td>
               <td nowrap="true">23:30:21</td>
               <td nowrap="true" align="right">0 ms
                  
               </td>
               <td nowrap="true">
                   
                  
               </td>
            </tr>
            <tr>
               <td colspan="4" class="detailsBox">
                  <div id="testcases.ApplicationTest_startTest_byStatus_passed_PASS1_details"
                       class="testMethodDetails">
                     <div>
                        <b>Name: </b>startTest
                     </div>
                     <div>
                        <b>Signature: </b>startTest()[pri:0, instance:testcases.ApplicationTest@168debd]
                     </div>
                     <div>
                        <b>Start time: </b>23:30:21
                     </div>
                     <div>
                        <b>End time: </b>23:30:21
                     </div>
                     <div>
                        <b>Duration: </b>0 ms
                        
                     </div>
                  </div>
               </td>
            </tr>
            <tr></tr>
            <tr id="testcases.ApplicationTest_beforeMethods_byStatus_passed_PASS2_row"
                class="testMethodStatusPASS testMethodStatusCONF">
               <td width="100%" class="firstMethodCell">
                  <a onclick="toggleDetailsVisibility('testcases.ApplicationTest_beforeMethods_byStatus_passed_PASS2_details')">beforeMethods()</a>
               </td>
               <td nowrap="true">23:30:21</td>
               <td nowrap="true" align="right">0 ms
                  
               </td>
               <td nowrap="true">
                   
                  
               </td>
            </tr>
            <tr>
               <td colspan="4" class="detailsBox">
                  <div id="testcases.ApplicationTest_beforeMethods_byStatus_passed_PASS2_details"
                       class="testMethodDetails">
                     <div>
                        <b>Name: </b>beforeMethods
                     </div>
                     <div>
                        <b>Signature: </b>beforeMethods()[pri:0, instance:testcases.ApplicationTest@168debd]
                     </div>
                     <div>
                        <b>Start time: </b>23:30:21
                     </div>
                     <div>
                        <b>End time: </b>23:30:21
                     </div>
                     <div>
                        <b>Duration: </b>0 ms
                        
                     </div>
                  </div>
               </td>
            </tr>
            <tr></tr>
            <tr id="testcases.ApplicationTest_afterMethods_byStatus_passed_PASS3_row"
                class="testMethodStatusPASS testMethodStatusCONF">
               <td width="100%" class="firstMethodCell">
                  <a onclick="toggleDetailsVisibility('testcases.ApplicationTest_afterMethods_byStatus_passed_PASS3_details')">afterMethods()</a>
               </td>
               <td nowrap="true">23:30:21</td>
               <td nowrap="true" align="right">0 ms
                  
               </td>
               <td nowrap="true">
                   
                  
               </td>
            </tr>
            <tr>
               <td colspan="4" class="detailsBox">
                  <div id="testcases.ApplicationTest_afterMethods_byStatus_passed_PASS3_details"
                       class="testMethodDetails">
                     <div>
                        <b>Name: </b>afterMethods
                     </div>
                     <div>
                        <b>Signature: </b>afterMethods()[pri:0, instance:testcases.ApplicationTest@168debd]
                     </div>
                     <div>
                        <b>Start time: </b>23:30:21
                     </div>
                     <div>
                        <b>End time: </b>23:30:21
                     </div>
                     <div>
                        <b>Duration: </b>0 ms
                        
                     </div>
                  </div>
               </td>
            </tr>
            <tr></tr>
            <tr id="testcases.ApplicationTest_beforeMethods_byStatus_passed_PASS4_row"
                class="testMethodStatusPASS testMethodStatusCONF">
               <td width="100%" class="firstMethodCell">
                  <a onclick="toggleDetailsVisibility('testcases.ApplicationTest_beforeMethods_byStatus_passed_PASS4_details')">beforeMethods()</a>
               </td>
               <td nowrap="true">23:30:21</td>
               <td nowrap="true" align="right">0 ms
                  
               </td>
               <td nowrap="true">
                   
                  
               </td>
            </tr>
            <tr>
               <td colspan="4" class="detailsBox">
                  <div id="testcases.ApplicationTest_beforeMethods_byStatus_passed_PASS4_details"
                       class="testMethodDetails">
                     <div>
                        <b>Name: </b>beforeMethods
                     </div>
                     <div>
                        <b>Signature: </b>beforeMethods()[pri:0, instance:testcases.ApplicationTest@168debd]
                     </div>
                     <div>
                        <b>Start time: </b>23:30:21
                     </div>
                     <div>
                        <b>End time: </b>23:30:21
                     </div>
                     <div>
                        <b>Duration: </b>0 ms
                        
                     </div>
                  </div>
               </td>
            </tr>
            <tr></tr>
            <tr id="testcases.ApplicationTest_doPasswordChange_byStatus_passed_PASS5_row"
                class="testMethodStatusPASS">
               <td width="100%" class="firstMethodCell">
                  <a onclick="toggleDetailsVisibility('testcases.ApplicationTest_doPasswordChange_byStatus_passed_PASS5_details')">doPasswordChange()</a>
               </td>
               <td nowrap="true">23:30:21</td>
               <td nowrap="true" align="right">3 ms
                  
               </td>
               <td nowrap="true">
                   
                  
               </td>
            </tr>
            <tr>
               <td colspan="4" class="detailsBox">
                  <div id="testcases.ApplicationTest_doPasswordChange_byStatus_passed_PASS5_details"
                       class="testMethodDetails">
                     <div>
                        <b>Name: </b>doPasswordChange
                     </div>
                     <div>
                        <b>Signature: </b>doPasswordChange()[pri:2, instance:testcases.ApplicationTest@168debd]
                     </div>
                     <div>
                        <b>Start time: </b>23:30:21
                     </div>
                     <div>
                        <b>End time: </b>23:30:21
                     </div>
                     <div>
                        <b>Duration: </b>3 ms
                        
                     </div>
                  </div>
               </td>
            </tr>
            <tr></tr>
            <tr id="testcases.ApplicationTest_afterMethods_byStatus_passed_PASS6_row"
                class="testMethodStatusPASS testMethodStatusCONF">
               <td width="100%" class="firstMethodCell">
                  <a onclick="toggleDetailsVisibility('testcases.ApplicationTest_afterMethods_byStatus_passed_PASS6_details')">afterMethods()</a>
               </td>
               <td nowrap="true">23:30:21</td>
               <td nowrap="true" align="right">0 ms
                  
               </td>
               <td nowrap="true">
                   
                  
               </td>
            </tr>
            <tr>
               <td colspan="4" class="detailsBox">
                  <div id="testcases.ApplicationTest_afterMethods_byStatus_passed_PASS6_details"
                       class="testMethodDetails">
                     <div>
                        <b>Name: </b>afterMethods
                     </div>
                     <div>
                        <b>Signature: </b>afterMethods()[pri:0, instance:testcases.ApplicationTest@168debd]
                     </div>
                     <div>
                        <b>Start time: </b>23:30:21
                     </div>
                     <div>
                        <b>End time: </b>23:30:21
                     </div>
                     <div>
                        <b>Duration: </b>0 ms
                        
                     </div>
                  </div>
               </td>
            </tr>
            <tr></tr>
            <tr id="testcases.ApplicationTest_afterMethods_byStatus_passed_PASS7_row"
                class="testMethodStatusPASS testMethodStatusCONF">
               <td width="100%" class="firstMethodCell">
                  <a onclick="toggleDetailsVisibility('testcases.ApplicationTest_afterMethods_byStatus_passed_PASS7_details')">afterMethods()</a>
               </td>
               <td nowrap="true">23:30:21</td>
               <td nowrap="true" align="right">0 ms
                  
               </td>
               <td nowrap="true">
                   
                  
               </td>
            </tr>
            <tr>
               <td colspan="4" class="detailsBox">
                  <div id="testcases.ApplicationTest_afterMethods_byStatus_passed_PASS7_details"
                       class="testMethodDetails">
                     <div>
                        <b>Name: </b>afterMethods
                     </div>
                     <div>
                        <b>Signature: </b>afterMethods()[pri:0, instance:testcases.ApplicationTest@168debd]
                     </div>
                     <div>
                        <b>Start time: </b>23:30:21
                     </div>
                     <div>
                        <b>End time: </b>23:30:21
                     </div>
                     <div>
                        <b>Duration: </b>0 ms
                        
                     </div>
                  </div>
               </td>
            </tr>
            <tr></tr>
            <tr id="testcases.ApplicationTest_endTest_byStatus_passed_PASS8_row"
                class="testMethodStatusPASS testMethodStatusCONF">
               <td width="100%" class="firstMethodCell">
                  <a onclick="toggleDetailsVisibility('testcases.ApplicationTest_endTest_byStatus_passed_PASS8_details')">endTest()</a>
               </td>
               <td nowrap="true">23:30:21</td>
               <td nowrap="true" align="right">0 ms
                  
               </td>
               <td nowrap="true">
                   
                  
               </td>
            </tr>
            <tr>
               <td colspan="4" class="detailsBox">
                  <div id="testcases.ApplicationTest_endTest_byStatus_passed_PASS8_details"
                       class="testMethodDetails">
                     <div>
                        <b>Name: </b>endTest
                     </div>
                     <div>
                        <b>Signature: </b>endTest()[pri:0, instance:testcases.ApplicationTest@168debd]
                     </div>
                     <div>
                        <b>Start time: </b>23:30:21
                     </div>
                     <div>
                        <b>End time: </b>23:30:21
                     </div>
                     <div>
                        <b>Duration: </b>0 ms
                        
                     </div>
                  </div>
               </td>
            </tr>
            <tr></tr>
            <tr id="testcases.ApplicationTest_beforeMethods_byStatus_passed_PASS9_row"
                class="testMethodStatusPASS testMethodStatusCONF">
               <td width="100%" class="firstMethodCell">
                  <a onclick="toggleDetailsVisibility('testcases.ApplicationTest_beforeMethods_byStatus_passed_PASS9_details')">beforeMethods()</a>
               </td>
               <td nowrap="true">23:30:21</td>
               <td nowrap="true" align="right">0 ms
                  
               </td>
               <td nowrap="true">
                   
                  
               </td>
            </tr>
            <tr>
               <td colspan="4" class="detailsBox">
                  <div id="testcases.ApplicationTest_beforeMethods_byStatus_passed_PASS9_details"
                       class="testMethodDetails">
                     <div>
                        <b>Name: </b>beforeMethods
                     </div>
                     <div>
                        <b>Signature: </b>beforeMethods()[pri:0, instance:testcases.ApplicationTest@168debd]
                     </div>
                     <div>
                        <b>Start time: </b>23:30:21
                     </div>
                     <div>
                        <b>End time: </b>23:30:21
                     </div>
                     <div>
                        <b>Duration: </b>0 ms
                        
                     </div>
                  </div>
               </td>
            </tr>
            <tr></tr>
            <tr id="testcases.ApplicationTest_doLogOut_byStatus_passed_PASS10_row"
                class="testMethodStatusPASS">
               <td width="100%" class="firstMethodCell">
                  <a onclick="toggleDetailsVisibility('testcases.ApplicationTest_doLogOut_byStatus_passed_PASS10_details')">doLogOut()</a>
               </td>
               <td nowrap="true">23:30:21</td>
               <td nowrap="true" align="right">0 ms
                  
               </td>
               <td nowrap="true">
                   
                  
               </td>
            </tr>
            <tr>
               <td colspan="4" class="detailsBox">
                  <div id="testcases.ApplicationTest_doLogOut_byStatus_passed_PASS10_details"
                       class="testMethodDetails">
                     <div>
                        <b>Name: </b>doLogOut
                     </div>
                     <div>
                        <b>Signature: </b>doLogOut()[pri:3, instance:testcases.ApplicationTest@168debd]
                     </div>
                     <div>
                        <b>Start time: </b>23:30:21
                     </div>
                     <div>
                        <b>End time: </b>23:30:21
                     </div>
                     <div>
                        <b>Duration: </b>0 ms
                        
                     </div>
                     <div>
                        <b>Depends on methods:
                           
                        </b>
                        <div>
                               -
                           testcases.ApplicationTest.doPasswordChange
                        </div>
                     </div>
                  </div>
               </td>
            </tr>
            <tr></tr>
            <tr id="testcases.LogInTest_doLoginTest_byStatus_passed_PASS11_row"
                class="testMethodStatusPASS">
               <td width="100%" class="firstMethodCell">
                  <a onclick="toggleDetailsVisibility('testcases.LogInTest_doLoginTest_byStatus_passed_PASS11_details')">doLoginTest(User2
                     
                     ,
                     
                     Passw2
                     
                     ,
                     
                     1532
                     
                     ,
                     
                     Chrome)
                  </a>
               </td>
               <td nowrap="true">23:30:21</td>
               <td nowrap="true" align="right">0 ms
                  
               </td>
               <td nowrap="true">
                   
                  
               </td>
            </tr>
            <tr>
               <td colspan="4" class="detailsBox">
                  <div id="testcases.LogInTest_doLoginTest_byStatus_passed_PASS11_details"
                       class="testMethodDetails">
                     <div>
                        <b>Name: </b>doLoginTest
                     </div>
                     <div>
                        <b>Signature: </b>doLoginTest(java.lang.String, java.lang.String, int, java.lang.String)[pri:0, instance:testcases.LogInTest@179e8cb]
                     </div>
                     <div>
                        <b>Parameters: </b>
                        
                        User2
                        
                        ,
                        
                        Passw2
                        
                        ,
                        
                        1532
                        
                        ,
                        
                        Chrome
                        
                        
                     </div>
                     <div>
                        <b>Start time: </b>23:30:21
                     </div>
                     <div>
                        <b>End time: </b>23:30:21
                     </div>
                     <div>
                        <b>Duration: </b>0 ms
                        
                     </div>
                  </div>
               </td>
            </tr>
            <tr></tr>
            <tr id="testcases.LogInTest_afterData_byStatus_passed_PASS12_row"
                class="testMethodStatusPASS testMethodStatusCONF">
               <td width="100%" class="firstMethodCell">
                  <a onclick="toggleDetailsVisibility('testcases.LogInTest_afterData_byStatus_passed_PASS12_details')">afterData()</a>
               </td>
               <td nowrap="true">23:30:21</td>
               <td nowrap="true" align="right">1 ms
                  
               </td>
               <td nowrap="true">
                   
                  
               </td>
            </tr>
            <tr>
               <td colspan="4" class="detailsBox">
                  <div id="testcases.LogInTest_afterData_byStatus_passed_PASS12_details"
                       class="testMethodDetails">
                     <div>
                        <b>Name: </b>afterData
                     </div>
                     <div>
                        <b>Signature: </b>afterData()[pri:0, instance:testcases.LogInTest@179e8cb]
                     </div>
                     <div>
                        <b>Start time: </b>23:30:21
                     </div>
                     <div>
                        <b>End time: </b>23:30:21
                     </div>
                     <div>
                        <b>Duration: </b>1 ms
                        
                     </div>
                  </div>
               </td>
            </tr>
            <tr></tr>
            <tr id="testcases.LogInTest_doLoginTest_byStatus_passed_PASS13_row"
                class="testMethodStatusPASS">
               <td width="100%" class="firstMethodCell">
                  <a onclick="toggleDetailsVisibility('testcases.LogInTest_doLoginTest_byStatus_passed_PASS13_details')">doLoginTest(User1
                     
                     ,
                     
                     Passw1
                     
                     ,
                     
                     12325
                     
                     ,
                     
                     Mozilla)
                  </a>
               </td>
               <td nowrap="true">23:30:21</td>
               <td nowrap="true" align="right">0 ms
                  
               </td>
               <td nowrap="true">
                   
                  
               </td>
            </tr>
            <tr>
               <td colspan="4" class="detailsBox">
                  <div id="testcases.LogInTest_doLoginTest_byStatus_passed_PASS13_details"
                       class="testMethodDetails">
                     <div>
                        <b>Name: </b>doLoginTest
                     </div>
                     <div>
                        <b>Signature: </b>doLoginTest(java.lang.String, java.lang.String, int, java.lang.String)[pri:0, instance:testcases.LogInTest@179e8cb]
                     </div>
                     <div>
                        <b>Parameters: </b>
                        
                        User1
                        
                        ,
                        
                        Passw1
                        
                        ,
                        
                        12325
                        
                        ,
                        
                        Mozilla
                        
                        
                     </div>
                     <div>
                        <b>Start time: </b>23:30:21
                     </div>
                     <div>
                        <b>End time: </b>23:30:21
                     </div>
                     <div>
                        <b>Duration: </b>0 ms
                        
                     </div>
                  </div>
               </td>
            </tr>
            <tr></tr>
            <tr id="testcases.LogInTest_doLoginTest_byStatus_passed_PASS14_row"
                class="testMethodStatusPASS">
               <td width="100%" class="firstMethodCell">
                  <a onclick="toggleDetailsVisibility('testcases.LogInTest_doLoginTest_byStatus_passed_PASS14_details')">doLoginTest(User3
                     
                     ,
                     
                     Passw3
                     
                     ,
                     
                     124676
                     
                     ,
                     
                     IE)
                  </a>
               </td>
               <td nowrap="true">23:30:21</td>
               <td nowrap="true" align="right">0 ms
                  
               </td>
               <td nowrap="true">
                   
                  
               </td>
            </tr>
            <tr>
               <td colspan="4" class="detailsBox">
                  <div id="testcases.LogInTest_doLoginTest_byStatus_passed_PASS14_details"
                       class="testMethodDetails">
                     <div>
                        <b>Name: </b>doLoginTest
                     </div>
                     <div>
                        <b>Signature: </b>doLoginTest(java.lang.String, java.lang.String, int, java.lang.String)[pri:0, instance:testcases.LogInTest@179e8cb]
                     </div>
                     <div>
                        <b>Parameters: </b>
                        
                        User3
                        
                        ,
                        
                        Passw3
                        
                        ,
                        
                        124676
                        
                        ,
                        
                        IE
                        
                        
                     </div>
                     <div>
                        <b>Start time: </b>23:30:21
                     </div>
                     <div>
                        <b>End time: </b>23:30:21
                     </div>
                     <div>
                        <b>Duration: </b>0 ms
                        
                     </div>
                  </div>
               </td>
            </tr>
            <tr></tr>
            <tr id="testcases.LogInTest_afterData_byStatus_passed_PASS15_row"
                class="testMethodStatusPASS testMethodStatusCONF">
               <td width="100%" class="firstMethodCell">
                  <a onclick="toggleDetailsVisibility('testcases.LogInTest_afterData_byStatus_passed_PASS15_details')">afterData()</a>
               </td>
               <td nowrap="true">23:30:21</td>
               <td nowrap="true" align="right">0 ms
                  
               </td>
               <td nowrap="true">
                   
                  
               </td>
            </tr>
            <tr>
               <td colspan="4" class="detailsBox">
                  <div id="testcases.LogInTest_afterData_byStatus_passed_PASS15_details"
                       class="testMethodDetails">
                     <div>
                        <b>Name: </b>afterData
                     </div>
                     <div>
                        <b>Signature: </b>afterData()[pri:0, instance:testcases.LogInTest@179e8cb]
                     </div>
                     <div>
                        <b>Start time: </b>23:30:21
                     </div>
                     <div>
                        <b>End time: </b>23:30:21
                     </div>
                     <div>
                        <b>Duration: </b>0 ms
                        
                     </div>
                  </div>
               </td>
            </tr>
            <tr></tr>
            <tr id="testcases.LogInTest_afterData_byStatus_passed_PASS16_row"
                class="testMethodStatusPASS testMethodStatusCONF">
               <td width="100%" class="firstMethodCell">
                  <a onclick="toggleDetailsVisibility('testcases.LogInTest_afterData_byStatus_passed_PASS16_details')">afterData()</a>
               </td>
               <td nowrap="true">23:30:21</td>
               <td nowrap="true" align="right">0 ms
                  
               </td>
               <td nowrap="true">
                   
                  
               </td>
            </tr>
            <tr>
               <td colspan="4" class="detailsBox">
                  <div id="testcases.LogInTest_afterData_byStatus_passed_PASS16_details"
                       class="testMethodDetails">
                     <div>
                        <b>Name: </b>afterData
                     </div>
                     <div>
                        <b>Signature: </b>afterData()[pri:0, instance:testcases.LogInTest@179e8cb]
                     </div>
                     <div>
                        <b>Start time: </b>23:30:21
                     </div>
                     <div>
                        <b>End time: </b>23:30:21
                     </div>
                     <div>
                        <b>Duration: </b>0 ms
                        
                     </div>
                  </div>
               </td>
            </tr>
            <tr></tr>
            <tr id="testcases.ApplicationTest_beforeSuiteTest_byStatus_passed_PASS17_row"
                class="testMethodStatusPASS testMethodStatusCONF">
               <td width="100%" class="firstMethodCell">
                  <a onclick="toggleDetailsVisibility('testcases.ApplicationTest_beforeSuiteTest_byStatus_passed_PASS17_details')">beforeSuiteTest()</a>
               </td>
               <td nowrap="true">23:30:21</td>
               <td nowrap="true" align="right">23 ms
                  
               </td>
               <td nowrap="true">
                   
                  
               </td>
            </tr>
            <tr>
               <td colspan="4" class="detailsBox">
                  <div id="testcases.ApplicationTest_beforeSuiteTest_byStatus_passed_PASS17_details"
                       class="testMethodDetails">
                     <div>
                        <b>Name: </b>beforeSuiteTest
                     </div>
                     <div>
                        <b>Signature: </b>beforeSuiteTest()[pri:0, instance:testcases.ApplicationTest@168debd]
                     </div>
                     <div>
                        <b>Start time: </b>23:30:21
                     </div>
                     <div>
                        <b>End time: </b>23:30:21
                     </div>
                     <div>
                        <b>Duration: </b>23 ms
                        
                     </div>
                  </div>
               </td>
            </tr>
            <tr></tr>
            <tr id="testcases.ApplicationTest_afterSuiteTest_byStatus_passed_PASS18_row"
                class="testMethodStatusPASS testMethodStatusCONF">
               <td width="100%" class="firstMethodCell">
                  <a onclick="toggleDetailsVisibility('testcases.ApplicationTest_afterSuiteTest_byStatus_passed_PASS18_details')">afterSuiteTest()</a>
               </td>
               <td nowrap="true">23:30:21</td>
               <td nowrap="true" align="right">0 ms
                  
               </td>
               <td nowrap="true">
                   
                  
               </td>
            </tr>
            <tr>
               <td colspan="4" class="detailsBox">
                  <div id="testcases.ApplicationTest_afterSuiteTest_byStatus_passed_PASS18_details"
                       class="testMethodDetails">
                     <div>
                        <b>Name: </b>afterSuiteTest
                     </div>
                     <div>
                        <b>Signature: </b>afterSuiteTest()[pri:0, instance:testcases.ApplicationTest@168debd]
                     </div>
                     <div>
                        <b>Start time: </b>23:30:21
                     </div>
                     <div>
                        <b>End time: </b>23:30:21
                     </div>
                     <div>
                        <b>Duration: </b>0 ms
                        
                     </div>
                  </div>
               </td>
            </tr>
            <tr></tr>
         </table>
      </div>
      <div id="testMethodsByClass" style="display: none;">
         <table class="testMethodsTable" cellpadding="0" cellspacing="0">
            <tr>
               <td colspan="4">
                  <h3 style="display: inline;">testcases.ApplicationTest</h3>
               </td>
            </tr>
            <tr class="methodsTableHeader">
               <td width="100%">Name</td>
               <td nowrap="true">Started</td>
               <td nowrap="true">Duration</td>
               <td>Exception</td>
            </tr>
            <tr id="testcases.ApplicationTest_startTest_byClass_PASS1_row"
                class="testMethodStatusPASS testMethodStatusCONF">
               <td width="100%" class="firstMethodCell">
                  <a onclick="toggleDetailsVisibility('testcases.ApplicationTest_startTest_byClass_PASS1_details')">startTest()</a>
               </td>
               <td nowrap="true">23:30:21</td>
               <td nowrap="true" align="right">0 ms
                  
               </td>
               <td nowrap="true">
                   
                  
               </td>
            </tr>
            <tr>
               <td colspan="4" class="detailsBox">
                  <div id="testcases.ApplicationTest_startTest_byClass_PASS1_details"
                       class="testMethodDetails">
                     <div>
                        <b>Name: </b>startTest
                     </div>
                     <div>
                        <b>Signature: </b>startTest()[pri:0, instance:testcases.ApplicationTest@168debd]
                     </div>
                     <div>
                        <b>Start time: </b>23:30:21
                     </div>
                     <div>
                        <b>End time: </b>23:30:21
                     </div>
                     <div>
                        <b>Duration: </b>0 ms
                        
                     </div>
                  </div>
               </td>
            </tr>
            <tr></tr>
            <tr id="testcases.ApplicationTest_doLogin_byClass_FAIL2_row"
                class="testMethodStatusFAIL">
               <td width="100%" class="firstMethodCell">
                  <a onclick="toggleDetailsVisibility('testcases.ApplicationTest_doLogin_byClass_FAIL2_details')">doLogin()</a>
               </td>
               <td nowrap="true">23:30:21</td>
               <td nowrap="true" align="right">24 ms
                  
               </td>
               <td nowrap="true">
                  <a onclick="toggleDetailsVisibility('testcases.ApplicationTest_doLogin_byClass_FAIL2_exception')">java.lang.AssertionError: 
                     The following asserts failed:
                     	Warning user
                     
                  </a>
                   
                  
               </td>
            </tr>
            <tr>
               <td colspan="4" class="detailsBox">
                  <div id="testcases.ApplicationTest_doLogin_byClass_FAIL2_details"
                       class="testMethodDetails">
                     <div>
                        <b>Name: </b>doLogin
                     </div>
                     <div>
                        <b>Signature: </b>doLogin()[pri:1, instance:testcases.ApplicationTest@168debd]
                     </div>
                     <div>
                        <b>Start time: </b>23:30:21
                     </div>
                     <div>
                        <b>End time: </b>23:30:21
                     </div>
                     <div>
                        <b>Duration: </b>24 ms
                        
                     </div>
                  </div>
               </td>
            </tr>
            <tr>
               <td colspan="4" class="detailsBox">
                  <div id="testcases.ApplicationTest_doLogin_byClass_FAIL2_exception"
                       class="testMethodDetails">
                     <pre style="padding: 5px; margin: 0;">java.lang.AssertionError: The following asserts failed:
                        	Warning user
                        	at org.testng.asserts.SoftAssert.assertAll(SoftAssert.java:43)
                        	at testcases.ApplicationTest.doLogin(ApplicationTest.java:39)
                        	at sun.reflect.NativeMethodAccessorImpl.invoke0(Native Method)
                        	at sun.reflect.NativeMethodAccessorImpl.invoke(Unknown Source)
                        	at sun.reflect.DelegatingMethodAccessorImpl.invoke(Unknown Source)
                        	at java.lang.reflect.Method.invoke(Unknown Source)
                        	at org.testng.internal.MethodInvocationHelper.invokeMethod(MethodInvocationHelper.java:108)
                        	at org.testng.internal.Invoker.invokeMethod(Invoker.java:661)
                        	at org.testng.internal.Invoker.invokeTestMethod(Invoker.java:869)
                        	at org.testng.internal.Invoker.invokeTestMethods(Invoker.java:1193)
                        	at org.testng.internal.TestMethodWorker.invokeTestMethods(TestMethodWorker.java:126)
                        	at org.testng.internal.TestMethodWorker.run(TestMethodWorker.java:109)
                        	at org.testng.TestRunner.privateRun(TestRunner.java:744)
                        	at org.testng.TestRunner.run(TestRunner.java:602)
                        	at org.testng.SuiteRunner.runTest(SuiteRunner.java:380)
                        	at org.testng.SuiteRunner.runSequentially(SuiteRunner.java:375)
                        	at org.testng.SuiteRunner.privateRun(SuiteRunner.java:340)
                        	at org.testng.SuiteRunner.run(SuiteRunner.java:289)
                        	at org.testng.SuiteRunnerWorker.runSuite(SuiteRunnerWorker.java:52)
                        	at org.testng.SuiteRunnerWorker.run(SuiteRunnerWorker.java:86)
                        	at org.testng.TestNG.runSuitesSequentially(TestNG.java:1301)
                        	at org.testng.TestNG.runSuitesLocally(TestNG.java:1226)
                        	at org.testng.TestNG.runSuites(TestNG.java:1144)
                        	at org.testng.TestNG.run(TestNG.java:1115)
                        	at org.testng.TestNG.privateMain(TestNG.java:1442)
                        	at org.testng.TestNG.main(TestNG.java:1411)
                     </pre>
                  </div>
               </td>
            </tr>
            <tr id="testcases.ApplicationTest_beforeMethods_byClass_PASS3_row"
                class="testMethodStatusPASS testMethodStatusCONF">
               <td width="100%" class="firstMethodCell">
                  <a onclick="toggleDetailsVisibility('testcases.ApplicationTest_beforeMethods_byClass_PASS3_details')">beforeMethods()</a>
               </td>
               <td nowrap="true">23:30:21</td>
               <td nowrap="true" align="right">0 ms
                  
               </td>
               <td nowrap="true">
                   
                  
               </td>
            </tr>
            <tr>
               <td colspan="4" class="detailsBox">
                  <div id="testcases.ApplicationTest_beforeMethods_byClass_PASS3_details"
                       class="testMethodDetails">
                     <div>
                        <b>Name: </b>beforeMethods
                     </div>
                     <div>
                        <b>Signature: </b>beforeMethods()[pri:0, instance:testcases.ApplicationTest@168debd]
                     </div>
                     <div>
                        <b>Start time: </b>23:30:21
                     </div>
                     <div>
                        <b>End time: </b>23:30:21
                     </div>
                     <div>
                        <b>Duration: </b>0 ms
                        
                     </div>
                  </div>
               </td>
            </tr>
            <tr></tr>
            <tr id="testcases.ApplicationTest_afterMethods_byClass_PASS4_row"
                class="testMethodStatusPASS testMethodStatusCONF">
               <td width="100%" class="firstMethodCell">
                  <a onclick="toggleDetailsVisibility('testcases.ApplicationTest_afterMethods_byClass_PASS4_details')">afterMethods()</a>
               </td>
               <td nowrap="true">23:30:21</td>
               <td nowrap="true" align="right">0 ms
                  
               </td>
               <td nowrap="true">
                   
                  
               </td>
            </tr>
            <tr>
               <td colspan="4" class="detailsBox">
                  <div id="testcases.ApplicationTest_afterMethods_byClass_PASS4_details"
                       class="testMethodDetails">
                     <div>
                        <b>Name: </b>afterMethods
                     </div>
                     <div>
                        <b>Signature: </b>afterMethods()[pri:0, instance:testcases.ApplicationTest@168debd]
                     </div>
                     <div>
                        <b>Start time: </b>23:30:21
                     </div>
                     <div>
                        <b>End time: </b>23:30:21
                     </div>
                     <div>
                        <b>Duration: </b>0 ms
                        
                     </div>
                  </div>
               </td>
            </tr>
            <tr></tr>
            <tr id="testcases.ApplicationTest_beforeMethods_byClass_PASS5_row"
                class="testMethodStatusPASS testMethodStatusCONF">
               <td width="100%" class="firstMethodCell">
                  <a onclick="toggleDetailsVisibility('testcases.ApplicationTest_beforeMethods_byClass_PASS5_details')">beforeMethods()</a>
               </td>
               <td nowrap="true">23:30:21</td>
               <td nowrap="true" align="right">0 ms
                  
               </td>
               <td nowrap="true">
                   
                  
               </td>
            </tr>
            <tr>
               <td colspan="4" class="detailsBox">
                  <div id="testcases.ApplicationTest_beforeMethods_byClass_PASS5_details"
                       class="testMethodDetails">
                     <div>
                        <b>Name: </b>beforeMethods
                     </div>
                     <div>
                        <b>Signature: </b>beforeMethods()[pri:0, instance:testcases.ApplicationTest@168debd]
                     </div>
                     <div>
                        <b>Start time: </b>23:30:21
                     </div>
                     <div>
                        <b>End time: </b>23:30:21
                     </div>
                     <div>
                        <b>Duration: </b>0 ms
                        
                     </div>
                  </div>
               </td>
            </tr>
            <tr></tr>
            <tr id="testcases.ApplicationTest_doPasswordChange_byClass_PASS6_row"
                class="testMethodStatusPASS">
               <td width="100%" class="firstMethodCell">
                  <a onclick="toggleDetailsVisibility('testcases.ApplicationTest_doPasswordChange_byClass_PASS6_details')">doPasswordChange()</a>
               </td>
               <td nowrap="true">23:30:21</td>
               <td nowrap="true" align="right">3 ms
                  
               </td>
               <td nowrap="true">
                   
                  
               </td>
            </tr>
            <tr>
               <td colspan="4" class="detailsBox">
                  <div id="testcases.ApplicationTest_doPasswordChange_byClass_PASS6_details"
                       class="testMethodDetails">
                     <div>
                        <b>Name: </b>doPasswordChange
                     </div>
                     <div>
                        <b>Signature: </b>doPasswordChange()[pri:2, instance:testcases.ApplicationTest@168debd]
                     </div>
                     <div>
                        <b>Start time: </b>23:30:21
                     </div>
                     <div>
                        <b>End time: </b>23:30:21
                     </div>
                     <div>
                        <b>Duration: </b>3 ms
                        
                     </div>
                  </div>
               </td>
            </tr>
            <tr></tr>
            <tr id="testcases.ApplicationTest_afterMethods_byClass_PASS7_row"
                class="testMethodStatusPASS testMethodStatusCONF">
               <td width="100%" class="firstMethodCell">
                  <a onclick="toggleDetailsVisibility('testcases.ApplicationTest_afterMethods_byClass_PASS7_details')">afterMethods()</a>
               </td>
               <td nowrap="true">23:30:21</td>
               <td nowrap="true" align="right">0 ms
                  
               </td>
               <td nowrap="true">
                   
                  
               </td>
            </tr>
            <tr>
               <td colspan="4" class="detailsBox">
                  <div id="testcases.ApplicationTest_afterMethods_byClass_PASS7_details"
                       class="testMethodDetails">
                     <div>
                        <b>Name: </b>afterMethods
                     </div>
                     <div>
                        <b>Signature: </b>afterMethods()[pri:0, instance:testcases.ApplicationTest@168debd]
                     </div>
                     <div>
                        <b>Start time: </b>23:30:21
                     </div>
                     <div>
                        <b>End time: </b>23:30:21
                     </div>
                     <div>
                        <b>Duration: </b>0 ms
                        
                     </div>
                  </div>
               </td>
            </tr>
            <tr></tr>
            <tr id="testcases.ApplicationTest_afterMethods_byClass_PASS8_row"
                class="testMethodStatusPASS testMethodStatusCONF">
               <td width="100%" class="firstMethodCell">
                  <a onclick="toggleDetailsVisibility('testcases.ApplicationTest_afterMethods_byClass_PASS8_details')">afterMethods()</a>
               </td>
               <td nowrap="true">23:30:21</td>
               <td nowrap="true" align="right">0 ms
                  
               </td>
               <td nowrap="true">
                   
                  
               </td>
            </tr>
            <tr>
               <td colspan="4" class="detailsBox">
                  <div id="testcases.ApplicationTest_afterMethods_byClass_PASS8_details"
                       class="testMethodDetails">
                     <div>
                        <b>Name: </b>afterMethods
                     </div>
                     <div>
                        <b>Signature: </b>afterMethods()[pri:0, instance:testcases.ApplicationTest@168debd]
                     </div>
                     <div>
                        <b>Start time: </b>23:30:21
                     </div>
                     <div>
                        <b>End time: </b>23:30:21
                     </div>
                     <div>
                        <b>Duration: </b>0 ms
                        
                     </div>
                  </div>
               </td>
            </tr>
            <tr></tr>
            <tr id="testcases.ApplicationTest_endTest_byClass_PASS9_row"
                class="testMethodStatusPASS testMethodStatusCONF">
               <td width="100%" class="firstMethodCell">
                  <a onclick="toggleDetailsVisibility('testcases.ApplicationTest_endTest_byClass_PASS9_details')">endTest()</a>
               </td>
               <td nowrap="true">23:30:21</td>
               <td nowrap="true" align="right">0 ms
                  
               </td>
               <td nowrap="true">
                   
                  
               </td>
            </tr>
            <tr>
               <td colspan="4" class="detailsBox">
                  <div id="testcases.ApplicationTest_endTest_byClass_PASS9_details"
                       class="testMethodDetails">
                     <div>
                        <b>Name: </b>endTest
                     </div>
                     <div>
                        <b>Signature: </b>endTest()[pri:0, instance:testcases.ApplicationTest@168debd]
                     </div>
                     <div>
                        <b>Start time: </b>23:30:21
                     </div>
                     <div>
                        <b>End time: </b>23:30:21
                     </div>
                     <div>
                        <b>Duration: </b>0 ms
                        
                     </div>
                  </div>
               </td>
            </tr>
            <tr></tr>
            <tr id="testcases.ApplicationTest_beforeMethods_byClass_PASS10_row"
                class="testMethodStatusPASS testMethodStatusCONF">
               <td width="100%" class="firstMethodCell">
                  <a onclick="toggleDetailsVisibility('testcases.ApplicationTest_beforeMethods_byClass_PASS10_details')">beforeMethods()</a>
               </td>
               <td nowrap="true">23:30:21</td>
               <td nowrap="true" align="right">0 ms
                  
               </td>
               <td nowrap="true">
                   
                  
               </td>
            </tr>
            <tr>
               <td colspan="4" class="detailsBox">
                  <div id="testcases.ApplicationTest_beforeMethods_byClass_PASS10_details"
                       class="testMethodDetails">
                     <div>
                        <b>Name: </b>beforeMethods
                     </div>
                     <div>
                        <b>Signature: </b>beforeMethods()[pri:0, instance:testcases.ApplicationTest@168debd]
                     </div>
                     <div>
                        <b>Start time: </b>23:30:21
                     </div>
                     <div>
                        <b>End time: </b>23:30:21
                     </div>
                     <div>
                        <b>Duration: </b>0 ms
                        
                     </div>
                  </div>
               </td>
            </tr>
            <tr></tr>
            <tr id="testcases.ApplicationTest_doLogOut_byClass_PASS11_row"
                class="testMethodStatusPASS">
               <td width="100%" class="firstMethodCell">
                  <a onclick="toggleDetailsVisibility('testcases.ApplicationTest_doLogOut_byClass_PASS11_details')">doLogOut()</a>
               </td>
               <td nowrap="true">23:30:21</td>
               <td nowrap="true" align="right">0 ms
                  
               </td>
               <td nowrap="true">
                   
                  
               </td>
            </tr>
            <tr>
               <td colspan="4" class="detailsBox">
                  <div id="testcases.ApplicationTest_doLogOut_byClass_PASS11_details"
                       class="testMethodDetails">
                     <div>
                        <b>Name: </b>doLogOut
                     </div>
                     <div>
                        <b>Signature: </b>doLogOut()[pri:3, instance:testcases.ApplicationTest@168debd]
                     </div>
                     <div>
                        <b>Start time: </b>23:30:21
                     </div>
                     <div>
                        <b>End time: </b>23:30:21
                     </div>
                     <div>
                        <b>Duration: </b>0 ms
                        
                     </div>
                     <div>
                        <b>Depends on methods:
                           
                        </b>
                        <div>
                               -
                           testcases.ApplicationTest.doPasswordChange
                        </div>
                     </div>
                  </div>
               </td>
            </tr>
            <tr></tr>
         </table>
         <br></br>
         <table class="testMethodsTable" cellpadding="0" cellspacing="0">
            <tr>
               <td colspan="4">
                  <h3 style="display: inline;">testcases.ApplicationTest</h3>
               </td>
            </tr>
            <tr class="methodsTableHeader">
               <td width="100%">Name</td>
               <td nowrap="true">Started</td>
               <td nowrap="true">Duration</td>
               <td>Exception</td>
            </tr>
            <tr id="testcases.ApplicationTest_beforeSuiteTest_byClass_PASS1_row"
                class="testMethodStatusPASS testMethodStatusCONF">
               <td width="100%" class="firstMethodCell">
                  <a onclick="toggleDetailsVisibility('testcases.ApplicationTest_beforeSuiteTest_byClass_PASS1_details')">beforeSuiteTest()</a>
               </td>
               <td nowrap="true">23:30:21</td>
               <td nowrap="true" align="right">23 ms
                  
               </td>
               <td nowrap="true">
                   
                  
               </td>
            </tr>
            <tr>
               <td colspan="4" class="detailsBox">
                  <div id="testcases.ApplicationTest_beforeSuiteTest_byClass_PASS1_details"
                       class="testMethodDetails">
                     <div>
                        <b>Name: </b>beforeSuiteTest
                     </div>
                     <div>
                        <b>Signature: </b>beforeSuiteTest()[pri:0, instance:testcases.ApplicationTest@168debd]
                     </div>
                     <div>
                        <b>Start time: </b>23:30:21
                     </div>
                     <div>
                        <b>End time: </b>23:30:21
                     </div>
                     <div>
                        <b>Duration: </b>23 ms
                        
                     </div>
                  </div>
               </td>
            </tr>
            <tr></tr>
            <tr id="testcases.ApplicationTest_afterSuiteTest_byClass_PASS2_row"
                class="testMethodStatusPASS testMethodStatusCONF">
               <td width="100%" class="firstMethodCell">
                  <a onclick="toggleDetailsVisibility('testcases.ApplicationTest_afterSuiteTest_byClass_PASS2_details')">afterSuiteTest()</a>
               </td>
               <td nowrap="true">23:30:21</td>
               <td nowrap="true" align="right">0 ms
                  
               </td>
               <td nowrap="true">
                   
                  
               </td>
            </tr>
            <tr>
               <td colspan="4" class="detailsBox">
                  <div id="testcases.ApplicationTest_afterSuiteTest_byClass_PASS2_details"
                       class="testMethodDetails">
                     <div>
                        <b>Name: </b>afterSuiteTest
                     </div>
                     <div>
                        <b>Signature: </b>afterSuiteTest()[pri:0, instance:testcases.ApplicationTest@168debd]
                     </div>
                     <div>
                        <b>Start time: </b>23:30:21
                     </div>
                     <div>
                        <b>End time: </b>23:30:21
                     </div>
                     <div>
                        <b>Duration: </b>0 ms
                        
                     </div>
                  </div>
               </td>
            </tr>
            <tr></tr>
         </table>
         <br></br>
         <table class="testMethodsTable" cellpadding="0" cellspacing="0">
            <tr>
               <td colspan="4">
                  <h3 style="display: inline;">testcases.LogInTest</h3>
               </td>
            </tr>
            <tr class="methodsTableHeader">
               <td width="100%">Name</td>
               <td nowrap="true">Started</td>
               <td nowrap="true">Duration</td>
               <td>Exception</td>
            </tr>
            <tr id="testcases.LogInTest_doLoginTest_byClass_PASS1_row"
                class="testMethodStatusPASS">
               <td width="100%" class="firstMethodCell">
                  <a onclick="toggleDetailsVisibility('testcases.LogInTest_doLoginTest_byClass_PASS1_details')">doLoginTest(User2
                     
                     ,
                     
                     Passw2
                     
                     ,
                     
                     1532
                     
                     ,
                     
                     Chrome)
                  </a>
               </td>
               <td nowrap="true">23:30:21</td>
               <td nowrap="true" align="right">0 ms
                  
               </td>
               <td nowrap="true">
                   
                  
               </td>
            </tr>
            <tr>
               <td colspan="4" class="detailsBox">
                  <div id="testcases.LogInTest_doLoginTest_byClass_PASS1_details"
                       class="testMethodDetails">
                     <div>
                        <b>Name: </b>doLoginTest
                     </div>
                     <div>
                        <b>Signature: </b>doLoginTest(java.lang.String, java.lang.String, int, java.lang.String)[pri:0, instance:testcases.LogInTest@179e8cb]
                     </div>
                     <div>
                        <b>Parameters: </b>
                        
                        User2
                        
                        ,
                        
                        Passw2
                        
                        ,
                        
                        1532
                        
                        ,
                        
                        Chrome
                        
                        
                     </div>
                     <div>
                        <b>Start time: </b>23:30:21
                     </div>
                     <div>
                        <b>End time: </b>23:30:21
                     </div>
                     <div>
                        <b>Duration: </b>0 ms
                        
                     </div>
                  </div>
               </td>
            </tr>
            <tr></tr>
            <tr id="testcases.LogInTest_afterData_byClass_PASS2_row"
                class="testMethodStatusPASS testMethodStatusCONF">
               <td width="100%" class="firstMethodCell">
                  <a onclick="toggleDetailsVisibility('testcases.LogInTest_afterData_byClass_PASS2_details')">afterData()</a>
               </td>
               <td nowrap="true">23:30:21</td>
               <td nowrap="true" align="right">1 ms
                  
               </td>
               <td nowrap="true">
                   
                  
               </td>
            </tr>
            <tr>
               <td colspan="4" class="detailsBox">
                  <div id="testcases.LogInTest_afterData_byClass_PASS2_details"
                       class="testMethodDetails">
                     <div>
                        <b>Name: </b>afterData
                     </div>
                     <div>
                        <b>Signature: </b>afterData()[pri:0, instance:testcases.LogInTest@179e8cb]
                     </div>
                     <div>
                        <b>Start time: </b>23:30:21
                     </div>
                     <div>
                        <b>End time: </b>23:30:21
                     </div>
                     <div>
                        <b>Duration: </b>1 ms
                        
                     </div>
                  </div>
               </td>
            </tr>
            <tr></tr>
            <tr id="testcases.LogInTest_doLoginTest_byClass_PASS3_row"
                class="testMethodStatusPASS">
               <td width="100%" class="firstMethodCell">
                  <a onclick="toggleDetailsVisibility('testcases.LogInTest_doLoginTest_byClass_PASS3_details')">doLoginTest(User1
                     
                     ,
                     
                     Passw1
                     
                     ,
                     
                     12325
                     
                     ,
                     
                     Mozilla)
                  </a>
               </td>
               <td nowrap="true">23:30:21</td>
               <td nowrap="true" align="right">0 ms
                  
               </td>
               <td nowrap="true">
                   
                  
               </td>
            </tr>
            <tr>
               <td colspan="4" class="detailsBox">
                  <div id="testcases.LogInTest_doLoginTest_byClass_PASS3_details"
                       class="testMethodDetails">
                     <div>
                        <b>Name: </b>doLoginTest
                     </div>
                     <div>
                        <b>Signature: </b>doLoginTest(java.lang.String, java.lang.String, int, java.lang.String)[pri:0, instance:testcases.LogInTest@179e8cb]
                     </div>
                     <div>
                        <b>Parameters: </b>
                        
                        User1
                        
                        ,
                        
                        Passw1
                        
                        ,
                        
                        12325
                        
                        ,
                        
                        Mozilla
                        
                        
                     </div>
                     <div>
                        <b>Start time: </b>23:30:21
                     </div>
                     <div>
                        <b>End time: </b>23:30:21
                     </div>
                     <div>
                        <b>Duration: </b>0 ms
                        
                     </div>
                  </div>
               </td>
            </tr>
            <tr></tr>
            <tr id="testcases.LogInTest_doLoginTest_byClass_PASS4_row"
                class="testMethodStatusPASS">
               <td width="100%" class="firstMethodCell">
                  <a onclick="toggleDetailsVisibility('testcases.LogInTest_doLoginTest_byClass_PASS4_details')">doLoginTest(User3
                     
                     ,
                     
                     Passw3
                     
                     ,
                     
                     124676
                     
                     ,
                     
                     IE)
                  </a>
               </td>
               <td nowrap="true">23:30:21</td>
               <td nowrap="true" align="right">0 ms
                  
               </td>
               <td nowrap="true">
                   
                  
               </td>
            </tr>
            <tr>
               <td colspan="4" class="detailsBox">
                  <div id="testcases.LogInTest_doLoginTest_byClass_PASS4_details"
                       class="testMethodDetails">
                     <div>
                        <b>Name: </b>doLoginTest
                     </div>
                     <div>
                        <b>Signature: </b>doLoginTest(java.lang.String, java.lang.String, int, java.lang.String)[pri:0, instance:testcases.LogInTest@179e8cb]
                     </div>
                     <div>
                        <b>Parameters: </b>
                        
                        User3
                        
                        ,
                        
                        Passw3
                        
                        ,
                        
                        124676
                        
                        ,
                        
                        IE
                        
                        
                     </div>
                     <div>
                        <b>Start time: </b>23:30:21
                     </div>
                     <div>
                        <b>End time: </b>23:30:21
                     </div>
                     <div>
                        <b>Duration: </b>0 ms
                        
                     </div>
                  </div>
               </td>
            </tr>
            <tr></tr>
            <tr id="testcases.LogInTest_afterData_byClass_PASS5_row"
                class="testMethodStatusPASS testMethodStatusCONF">
               <td width="100%" class="firstMethodCell">
                  <a onclick="toggleDetailsVisibility('testcases.LogInTest_afterData_byClass_PASS5_details')">afterData()</a>
               </td>
               <td nowrap="true">23:30:21</td>
               <td nowrap="true" align="right">0 ms
                  
               </td>
               <td nowrap="true">
                   
                  
               </td>
            </tr>
            <tr>
               <td colspan="4" class="detailsBox">
                  <div id="testcases.LogInTest_afterData_byClass_PASS5_details"
                       class="testMethodDetails">
                     <div>
                        <b>Name: </b>afterData
                     </div>
                     <div>
                        <b>Signature: </b>afterData()[pri:0, instance:testcases.LogInTest@179e8cb]
                     </div>
                     <div>
                        <b>Start time: </b>23:30:21
                     </div>
                     <div>
                        <b>End time: </b>23:30:21
                     </div>
                     <div>
                        <b>Duration: </b>0 ms
                        
                     </div>
                  </div>
               </td>
            </tr>
            <tr></tr>
            <tr id="testcases.LogInTest_afterData_byClass_PASS6_row"
                class="testMethodStatusPASS testMethodStatusCONF">
               <td width="100%" class="firstMethodCell">
                  <a onclick="toggleDetailsVisibility('testcases.LogInTest_afterData_byClass_PASS6_details')">afterData()</a>
               </td>
               <td nowrap="true">23:30:21</td>
               <td nowrap="true" align="right">0 ms
                  
               </td>
               <td nowrap="true">
                   
                  
               </td>
            </tr>
            <tr>
               <td colspan="4" class="detailsBox">
                  <div id="testcases.LogInTest_afterData_byClass_PASS6_details"
                       class="testMethodDetails">
                     <div>
                        <b>Name: </b>afterData
                     </div>
                     <div>
                        <b>Signature: </b>afterData()[pri:0, instance:testcases.LogInTest@179e8cb]
                     </div>
                     <div>
                        <b>Start time: </b>23:30:21
                     </div>
                     <div>
                        <b>End time: </b>23:30:21
                     </div>
                     <div>
                        <b>Duration: </b>0 ms
                        
                     </div>
                  </div>
               </td>
            </tr>
            <tr></tr>
         </table>
         <br></br>
         <table class="testMethodsTable" cellpadding="0" cellspacing="0">
            <tr>
               <td colspan="4">
                  <h3 style="display: inline;">testcases.RegisterTest</h3>
               </td>
            </tr>
            <tr class="methodsTableHeader">
               <td width="100%">Name</td>
               <td nowrap="true">Started</td>
               <td nowrap="true">Duration</td>
               <td>Exception</td>
            </tr>
            <tr id="testcases.RegisterTest_doRegisterTest_byClass_FAIL1_row"
                class="testMethodStatusFAIL">
               <td width="100%" class="firstMethodCell">
                  <a onclick="toggleDetailsVisibility('testcases.RegisterTest_doRegisterTest_byClass_FAIL1_details')">doRegisterTest()</a>
               </td>
               <td nowrap="true">23:30:21</td>
               <td nowrap="true" align="right">3 ms
                  
               </td>
               <td nowrap="true">
                  <a onclick="toggleDetailsVisibility('testcases.RegisterTest_doRegisterTest_byClass_FAIL1_exception')">java.lang.AssertionError: 
                     The following asserts failed:
                     	expected [EFG] but found [ABCD],
                     	expected [200] but found [12]
                     
                  </a>
                   
                  
               </td>
            </tr>
            <tr>
               <td colspan="4" class="detailsBox">
                  <div id="testcases.RegisterTest_doRegisterTest_byClass_FAIL1_details"
                       class="testMethodDetails">
                     <div>
                        <b>Name: </b>doRegisterTest
                     </div>
                     <div>
                        <b>Signature: </b>doRegisterTest()[pri:0, instance:testcases.RegisterTest@1b7dea0]
                     </div>
                     <div>
                        <b>Start time: </b>23:30:21
                     </div>
                     <div>
                        <b>End time: </b>23:30:21
                     </div>
                     <div>
                        <b>Duration: </b>3 ms
                        
                     </div>
                  </div>
               </td>
            </tr>
            <tr>
               <td colspan="4" class="detailsBox">
                  <div id="testcases.RegisterTest_doRegisterTest_byClass_FAIL1_exception"
                       class="testMethodDetails">
                     <pre style="padding: 5px; margin: 0;">java.lang.AssertionError: The following asserts failed:
                        	expected [EFG] but found [ABCD],
                        	expected [200] but found [12]
                        	at org.testng.asserts.SoftAssert.assertAll(SoftAssert.java:43)
                        	at testcases.RegisterTest.doRegisterTest(RegisterTest.java:24)
                        	at sun.reflect.NativeMethodAccessorImpl.invoke0(Native Method)
                        	at sun.reflect.NativeMethodAccessorImpl.invoke(Unknown Source)
                        	at sun.reflect.DelegatingMethodAccessorImpl.invoke(Unknown Source)
                        	at java.lang.reflect.Method.invoke(Unknown Source)
                        	at org.testng.internal.MethodInvocationHelper.invokeMethod(MethodInvocationHelper.java:108)
                        	at org.testng.internal.Invoker.invokeMethod(Invoker.java:661)
                        	at org.testng.internal.Invoker.invokeTestMethod(Invoker.java:869)
                        	at org.testng.internal.Invoker.invokeTestMethods(Invoker.java:1193)
                        	at org.testng.internal.TestMethodWorker.invokeTestMethods(TestMethodWorker.java:126)
                        	at org.testng.internal.TestMethodWorker.run(TestMethodWorker.java:109)
                        	at org.testng.TestRunner.privateRun(TestRunner.java:744)
                        	at org.testng.TestRunner.run(TestRunner.java:602)
                        	at org.testng.SuiteRunner.runTest(SuiteRunner.java:380)
                        	at org.testng.SuiteRunner.runSequentially(SuiteRunner.java:375)
                        	at org.testng.SuiteRunner.privateRun(SuiteRunner.java:340)
                        	at org.testng.SuiteRunner.run(SuiteRunner.java:289)
                        	at org.testng.SuiteRunnerWorker.runSuite(SuiteRunnerWorker.java:52)
                        	at org.testng.SuiteRunnerWorker.run(SuiteRunnerWorker.java:86)
                        	at org.testng.TestNG.runSuitesSequentially(TestNG.java:1301)
                        	at org.testng.TestNG.runSuitesLocally(TestNG.java:1226)
                        	at org.testng.TestNG.runSuites(TestNG.java:1144)
                        	at org.testng.TestNG.run(TestNG.java:1115)
                        	at org.testng.TestNG.privateMain(TestNG.java:1442)
                        	at org.testng.TestNG.main(TestNG.java:1411)
                     </pre>
                  </div>
               </td>
            </tr>
         </table>
         <br></br>
      </div>
      <div style="margin-top: 15px; color: gray; text-align: center; font-size: 9px;">
         Generated with
         
         <a href="http://code.google.com/p/testng-xslt/" style="color: #8888aa;"
            target="_blank">
            TestNG XSLT
            
         </a>
      </div>
   </body>
</html>